DEBUG task-1 druid.sql.Statement - {conn-210001, pstmt-220004} Types : [VARCHAR, VARCHAR, VARCHAR, VARCHAR, VARCHAR, VARCHAR, VARCHAR, VARCHAR, VARCHAR, VARCHAR, VARCHAR, VARCHAR, TIMESTAMP, INTEGER, INTEGER, INTEGER, DOUBLE, TIMESTAMP, INTEGER, INTEGER, INTEGER, INTEGER, INTEGER, VARCHAR, VARCHAR, VARCHAR, VARCHAR, VARCHAR, VARCHAR, VARCHAR, VARCHAR, TIMESTAMP, INTEGER, INTEGER, INTEGER, DOUBLE, TIMESTAMP, INTEGER, INTEGER, INTEGER, INTEGER, INTEGER, VARCHAR]
DEBUG task-1 druid.sql.Statement - {conn-210001, pstmt-220004} executed. 156.879015 millis. INSERT INTO vtdaprober.bin_wafer_summary(custom_code, device, lot_id, cp_step, wafer_no, oprator, tester_program, tester_id, prober_id, Prober_card_id, pid_name, pid_version, start_time, gross_die, pass_die, fail_die, yield, end_time, check_status, map_cols, map_rows, min_x, min_y, others_params)
        VALUES ( ?,?,?,?,?,?,?,?,?,?,?,?,?,?,?,?,?,?,?,?,?,?,?,?)
        ON DUPLICATE KEY UPDATE oprator=?, tester_program=?, tester_id=?, prober_id=?, Prober_card_id=?, pid_name=?, pid_version=?, start_time=?, gross_die=?, pass_die=?, fail_die=?, yield=?, end_time=?, check_status=?, map_cols=?, map_rows=?, min_x=?, min_y=?, others_params=?,load_time=now();
DEBUG task-1 druid.sql.Statement - {conn-210001, pstmt-220004} clearParameters. 
DEBUG task-1 druid.sql.Connection - {conn-210001} pool-recycle
DEBUG task-1 druid.sql.Connection - {conn-110001} commited
DEBUG task-1 druid.sql.Connection - {conn-110001} setAutoCommit true
DEBUG task-1 druid.sql.Connection - {conn-110001} pool-recycle
DEBUG task-2 druid.sql.Statement - {conn-210002, pstmt-220002} executed. 2619.227387 millis. DELETE FROM vtdaprober.bin_info_summary WHERE custom_code=? AND device=? AND lot_id=? AND cp_step=? AND wafer_no =?;
DEBUG task-2 druid.sql.Statement - {conn-210002, pstmt-220002} clearParameters. 
DEBUG task-2 druid.sql.Statement - {conn-210002, pstmt-220005} created. INSERT INTO vtdaprober.bin_info_summary(custom_code, device, lot_id, cp_step, wafer_no, site_id, soft_bin_no,
        bin_count, pass_fail, test_type)
        VALUES
         (?,?,?,?,?,?,?,?,FALSE,?),
                        
                
                    
                            (?,?,?,?,?,?,?,?,TRUE,?),
                        
                
                    
                            (?,?,?,?,?,?,?,?,FALSE,?),
                        
                
                    
                            (?,?,?,?,?,?,?,?,FALSE,?),
                        
                
                    
                            (?,?,?,?,?,?,?,?,FALSE,?),
                        
                
                    
                            (?,?,?,?,?,?,?,?,FALSE,?),
                        
                
                    
                            (?,?,?,?,?,?,?,?,FALSE,?),
                        
                
                    
                            (?,?,?,?,?,?,?,?,FALSE,?),
                        
                
                    
                            (?,?,?,?,?,?,?,?,FALSE,?),
                        
                
                    
                            (?,?,?,?,?,?,?,?,FALSE,?),
                        
                
                    
                            (?,?,?,?,?,?,?,?,FALSE,?),
                        
                
                    
                            (?,?,?,?,?,?,?,?,FALSE,?),
                        
                
                    
                            (?,?,?,?,?,?,?,?,FALSE,?),
                        
                
                    
                            (?,?,?,?,?,?,?,?,FALSE,?),
                        
                
                    
                            (?,?,?,?,?,?,?,?,FALSE,?),
                        
                
                    
                            (?,?,?,?,?,?,?,?,FALSE,?),
                        
                
                    
                            (?,?,?,?,?,?,?,?,FALSE,?),
                        
                
                    
                            (?,?,?,?,?,?,?,?,FALSE,?),
                        
                
                    
                            (?,?,?,?,?,?,?,?,FALSE,?),
                        
                
                    
                            (?,?,?,?,?,?,?,?,FALSE,?),
                        
                
                    
                            (?,?,?,?,?,?,?,?,FALSE,?),
                        
                
                    
                            (?,?,?,?,?,?,?,?,FALSE,?),
                        
                
                    
                            (?,?,?,?,?,?,?,?,FALSE,?),
                        
                
                    
                            (?,?,?,?,?,?,?,?,FALSE,?),
                        
                
                    
                            (?,?,?,?,?,?,?,?,FALSE,?),
                        
                
                    
                            (?,?,?,?,?,?,?,?,FALSE,?),
                        
                
                    
                            (?,?,?,?,?,?,?,?,FALSE,?),
                        
                
                    
                            (?,?,?,?,?,?,?,?,FALSE,?),
                        
                
                    
                            (?,?,?,?,?,?,?,?,FALSE,?),
                        
                
                    
                            (?,?,?,?,?,?,?,?,FALSE,?),
                        
                
                    
                            (?,?,?,?,?,?,?,?,FALSE,?)  
        ;
DEBUG task-2 druid.sql.Statement - {conn-210002, pstmt-220005} Parameters : [GTH, STAR012A1, A666134.15, CP1, A666134.10, 0, 0, 5300, P, GTH, STAR012A1, A666134.15, CP1, A666134.10, 0, 130, 3262, P, GTH, STAR012A1, A666134.15, CP1, A666134.10, 0, 66, 35, P, GTH, STAR012A1, A666134.15, CP1, A666134.10, 0, 68, 47, P, GTH, STAR012A1, A666134.15, CP1, A666134.10, 0, 9, 9, P, GTH, STAR012A1, A666134.15, CP1, A666134.10, 0, 12, 53, P, GTH, STAR012A1, A666134.15, CP1, A666134.10, 0, 14, 4, P, GTH, STAR012A1, A666134.15, CP1, A666134.10, 0, 16, 23, P, GTH, STAR012A1, A666134.15, CP1, A666134.10, 0, 17, 36, P, GTH, STAR012A1, A666134.15, CP1, A666134.10, 0, 18, 72, P, GTH, STAR012A1, A666134.15, CP1, A666134.10, 0, 20, 3, P, GTH, STAR012A1, A666134.15, CP1, A666134.10, 0, 21, 50, P, GTH, STAR012A1, A666134.15, CP1, A666134.10, 0, 23, 96, P, GTH, STAR012A1, A666134.15, CP1, A666134.10, 0, 28, 1, P, GTH, STAR012A1, A666134.15, CP1, A666134.10, 0, 29, 86, P, GTH, STAR012A1, A666134.15, CP1, A666134.10, 0, 30, 20, P, GTH, STAR012A1, A666134.15, CP1, A666134.10, 0, 31, 98, P, GTH, STAR012A1, A666134.15, CP1, A666134.10, 0, 33, 35, P, GTH, STAR012A1, A666134.15, CP1, A666134.10, 0, 35, 49, P, GTH, STAR012A1, A666134.15, CP1, A666134.10, 0, 36, 1, P, GTH, STAR012A1, A666134.15, CP1, A666134.10, 0, 37, 2, P, GTH, STAR012A1, A666134.15, CP1, A666134.10, 0, 39, 22, P, GTH, STAR012A1, A666134.15, CP1, A666134.10, 0, 41, 288, P, GTH, STAR012A1, A666134.15, CP1, A666134.10, 0, 42, 18, P, GTH, STAR012A1, A666134.15, CP1, A666134.10, 0, 43, 232, P, GTH, STAR012A1, A666134.15, CP1, A666134.10, 0, 46, 33, P, GTH, STAR012A1, A666134.15, CP1, A666134.10, 0, 115, 37, P, GTH, STAR012A1, A666134.15, CP1, A666134.10, 0, 52, 2, P, GTH, STAR012A1, A666134.15, CP1, A666134.10, 0, 56, 76, P, GTH, STAR012A1, A666134.15, CP1, A666134.10, 0, 57, 4, P, GTH, STAR012A1, A666134.15, CP1, A666134.10, 0, 123, 1, P]
DEBUG task-2 druid.sql.Statement - {conn-210002, pstmt-220005} Types : [VARCHAR, VARCHAR, VARCHAR, VARCHAR, VARCHAR, INTEGER, INTEGER, INTEGER, VARCHAR, VARCHAR, VARCHAR, VARCHAR, VARCHAR, VARCHAR, INTEGER, INTEGER, INTEGER, VARCHAR, VARCHAR, VARCHAR, VARCHAR, VARCHAR, VARCHAR, INTEGER, INTEGER, INTEGER, VARCHAR, VARCHAR, VARCHAR, VARCHAR, VARCHAR, VARCHAR, INTEGER, INTEGER, INTEGER, VARCHAR, VARCHAR, VARCHAR, VARCHAR, VARCHAR, VARCHAR, INTEGER, INTEGER, INTEGER, VARCHAR, VARCHAR, VARCHAR, VARCHAR, VARCHAR, VARCHAR, INTEGER, INTEGER, INTEGER, VARCHAR, VARCHAR, VARCHAR, VARCHAR, VARCHAR, VARCHAR, INTEGER, INTEGER, INTEGER, VARCHAR, VARCHAR, VARCHAR, VARCHAR, VARCHAR, VARCHAR, INTEGER, INTEGER, INTEGER, VARCHAR, VARCHAR, VARCHAR, VARCHAR, VARCHAR, VARCHAR, INTEGER, INTEGER, INTEGER, VARCHAR, VARCHAR, VARCHAR, VARCHAR, VARCHAR, VARCHAR, INTEGER, INTEGER, INTEGER, VARCHAR, VARCHAR, VARCHAR, VARCHAR, VARCHAR, VARCHAR, INTEGER, INTEGER, INTEGER, VARCHAR, VARCHAR, VARCHAR, VARCHAR, VARCHAR, VARCHAR, INTEGER, INTEGER, INTEGER, VARCHAR, VARCHAR, VARCHAR, VARCHAR, VARCHAR, VARCHAR, INTEGER, INTEGER, INTEGER, VARCHAR, VARCHAR, VARCHAR, VARCHAR, VARCHAR, VARCHAR, INTEGER, INTEGER, INTEGER, VARCHAR, VARCHAR, VARCHAR, VARCHAR, VARCHAR, VARCHAR, INTEGER, INTEGER, INTEGER, VARCHAR, VARCHAR, VARCHAR, VARCHAR, VARCHAR, VARCHAR, INTEGER, INTEGER, INTEGER, VARCHAR, VARCHAR, VARCHAR, VARCHAR, VARCHAR, VARCHAR, INTEGER, INTEGER, INTEGER, VARCHAR, VARCHAR, VARCHAR, VARCHAR, VARCHAR, VARCHAR, INTEGER, INTEGER, INTEGER, VARCHAR, VARCHAR, VARCHAR, VARCHAR, VARCHAR, VARCHAR, INTEGER, INTEGER, INTEGER, VARCHAR, VARCHAR, VARCHAR, VARCHAR, VARCHAR, VARCHAR, INTEGER, INTEGER, INTEGER, VARCHAR, VARCHAR, VARCHAR, VARCHAR, VARCHAR, VARCHAR, INTEGER, INTEGER, INTEGER, VARCHAR, VARCHAR, VARCHAR, VARCHAR, VARCHAR, VARCHAR, INTEGER, INTEGER, INTEGER, VARCHAR, VARCHAR, VARCHAR, VARCHAR, VARCHAR, VARCHAR, INTEGER, INTEGER, INTEGER, VARCHAR, VARCHAR, VARCHAR, VARCHAR, VARCHAR, VARCHAR, INTEGER, INTEGER, INTEGER, VARCHAR, VARCHAR, VARCHAR, VARCHAR, VARCHAR, VARCHAR, INTEGER, INTEGER, INTEGER, VARCHAR, VARCHAR, VARCHAR, VARCHAR, VARCHAR, VARCHAR, INTEGER, INTEGER, INTEGER, VARCHAR, VARCHAR, VARCHAR, VARCHAR, VARCHAR, VARCHAR, INTEGER, INTEGER, INTEGER, VARCHAR, VARCHAR, VARCHAR, VARCHAR, VARCHAR, VARCHAR, INTEGER, INTEGER, INTEGER, VARCHAR, VARCHAR, VARCHAR, VARCHAR, VARCHAR, VARCHAR, INTEGER, INTEGER, INTEGER, VARCHAR, VARCHAR, VARCHAR, VARCHAR, VARCHAR, VARCHAR, INTEGER, INTEGER, INTEGER, VARCHAR, VARCHAR, VARCHAR, VARCHAR, VARCHAR, VARCHAR, INTEGER, INTEGER, INTEGER, VARCHAR]
DEBUG task-2 druid.sql.Statement - {conn-210002, pstmt-220005} executed. 61.604272 millis. INSERT INTO vtdaprober.bin_info_summary(custom_code, device, lot_id, cp_step, wafer_no, site_id, soft_bin_no,
        bin_count, pass_fail, test_type)
        VALUES
         (?,?,?,?,?,?,?,?,FALSE,?),
                        
                
                    
                            (?,?,?,?,?,?,?,?,TRUE,?),
                        
                
                    
                            (?,?,?,?,?,?,?,?,FALSE,?),
                        
                
                    
                            (?,?,?,?,?,?,?,?,FALSE,?),
                        
                
                    
                            (?,?,?,?,?,?,?,?,FALSE,?),
                        
                
                    
                            (?,?,?,?,?,?,?,?,FALSE,?),
                        
                
                    
                            (?,?,?,?,?,?,?,?,FALSE,?),
                        
                
                    
                            (?,?,?,?,?,?,?,?,FALSE,?),
                        
                
                    
                            (?,?,?,?,?,?,?,?,FALSE,?),
                        
                
                    
                            (?,?,?,?,?,?,?,?,FALSE,?),
                        
                
                    
                            (?,?,?,?,?,?,?,?,FALSE,?),
                        
                
                    
                            (?,?,?,?,?,?,?,?,FALSE,?),
                        
                
                    
                            (?,?,?,?,?,?,?,?,FALSE,?),
                        
                
                    
                            (?,?,?,?,?,?,?,?,FALSE,?),
                        
                
                    
                            (?,?,?,?,?,?,?,?,FALSE,?),
                        
                
                    
                            (?,?,?,?,?,?,?,?,FALSE,?),
                        
                
                    
                            (?,?,?,?,?,?,?,?,FALSE,?),
                        
                
                    
                            (?,?,?,?,?,?,?,?,FALSE,?),
                        
                
                    
                            (?,?,?,?,?,?,?,?,FALSE,?),
                        
                
                    
                            (?,?,?,?,?,?,?,?,FALSE,?),
                        
                
                    
                            (?,?,?,?,?,?,?,?,FALSE,?),
                        
                
                    
                            (?,?,?,?,?,?,?,?,FALSE,?),
                        
                
                    
                            (?,?,?,?,?,?,?,?,FALSE,?),
                        
                
                    
                            (?,?,?,?,?,?,?,?,FALSE,?),
                        
                
                    
                            (?,?,?,?,?,?,?,?,FALSE,?),
                        
                
                    
                            (?,?,?,?,?,?,?,?,FALSE,?),
                        
                
                    
                            (?,?,?,?,?,?,?,?,FALSE,?),
                        
                
                    
                            (?,?,?,?,?,?,?,?,FALSE,?),
                        
                
                    
                            (?,?,?,?,?,?,?,?,FALSE,?),
                        
                
                    
                            (?,?,?,?,?,?,?,?,FALSE,?),
                        
                
                    
                            (?,?,?,?,?,?,?,?,FALSE,?)  
        ;
DEBUG task-2 druid.sql.Statement - {conn-210002, pstmt-220005} clearParameters. 
DEBUG task-2 druid.sql.Statement - {conn-210002, pstmt-220005} Parameters : [GTH, STAR012A1, A666134.15, CP1, A666134.10, 0, 0, 5300, F, GTH, STAR012A1, A666134.15, CP1, A666134.10, 0, 130, 3262, F, GTH, STAR012A1, A666134.15, CP1, A666134.10, 0, 66, 35, F, GTH, STAR012A1, A666134.15, CP1, A666134.10, 0, 68, 47, F, GTH, STAR012A1, A666134.15, CP1, A666134.10, 0, 9, 9, F, GTH, STAR012A1, A666134.15, CP1, A666134.10, 0, 12, 53, F, GTH, STAR012A1, A666134.15, CP1, A666134.10, 0, 14, 4, F, GTH, STAR012A1, A666134.15, CP1, A666134.10, 0, 16, 23, F, GTH, STAR012A1, A666134.15, CP1, A666134.10, 0, 17, 36, F, GTH, STAR012A1, A666134.15, CP1, A666134.10, 0, 18, 72, F, GTH, STAR012A1, A666134.15, CP1, A666134.10, 0, 20, 3, F, GTH, STAR012A1, A666134.15, CP1, A666134.10, 0, 21, 50, F, GTH, STAR012A1, A666134.15, CP1, A666134.10, 0, 23, 96, F, GTH, STAR012A1, A666134.15, CP1, A666134.10, 0, 28, 1, F, GTH, STAR012A1, A666134.15, CP1, A666134.10, 0, 29, 86, F, GTH, STAR012A1, A666134.15, CP1, A666134.10, 0, 30, 20, F, GTH, STAR012A1, A666134.15, CP1, A666134.10, 0, 31, 98, F, GTH, STAR012A1, A666134.15, CP1, A666134.10, 0, 33, 35, F, GTH, STAR012A1, A666134.15, CP1, A666134.10, 0, 35, 49, F, GTH, STAR012A1, A666134.15, CP1, A666134.10, 0, 36, 1, F, GTH, STAR012A1, A666134.15, CP1, A666134.10, 0, 37, 2, F, GTH, STAR012A1, A666134.15, CP1, A666134.10, 0, 39, 22, F, GTH, STAR012A1, A666134.15, CP1, A666134.10, 0, 41, 288, F, GTH, STAR012A1, A666134.15, CP1, A666134.10, 0, 42, 18, F, GTH, STAR012A1, A666134.15, CP1, A666134.10, 0, 43, 232, F, GTH, STAR012A1, A666134.15, CP1, A666134.10, 0, 46, 33, F, GTH, STAR012A1, A666134.15, CP1, A666134.10, 0, 115, 37, F, GTH, STAR012A1, A666134.15, CP1, A666134.10, 0, 52, 2, F, GTH, STAR012A1, A666134.15, CP1, A666134.10, 0, 56, 76, F, GTH, STAR012A1, A666134.15, CP1, A666134.10, 0, 57, 4, F, GTH, STAR012A1, A666134.15, CP1, A666134.10, 0, 123, 1, F]
DEBUG task-2 druid.sql.Statement - {conn-210002, pstmt-220005} Types : [VARCHAR, VARCHAR, VARCHAR, VARCHAR, VARCHAR, INTEGER, INTEGER, INTEGER, VARCHAR, VARCHAR, VARCHAR, VARCHAR, VARCHAR, VARCHAR, INTEGER, INTEGER, INTEGER, VARCHAR, VARCHAR, VARCHAR, VARCHAR, VARCHAR, VARCHAR, INTEGER, INTEGER, INTEGER, VARCHAR, VARCHAR, VARCHAR, VARCHAR, VARCHAR, VARCHAR, INTEGER, INTEGER, INTEGER, VARCHAR, VARCHAR, VARCHAR, VARCHAR, VARCHAR, VARCHAR, INTEGER, INTEGER, INTEGER, VARCHAR, VARCHAR, VARCHAR, VARCHAR, VARCHAR, VARCHAR, INTEGER, INTEGER, INTEGER, VARCHAR, VARCHAR, VARCHAR, VARCHAR, VARCHAR, VARCHAR, INTEGER, INTEGER, INTEGER, VARCHAR, VARCHAR, VARCHAR, VARCHAR, VARCHAR, VARCHAR, INTEGER, INTEGER, INTEGER, VARCHAR, VARCHAR, VARCHAR, VARCHAR, VARCHAR, VARCHAR, INTEGER, INTEGER, INTEGER, VARCHAR, VARCHAR, VARCHAR, VARCHAR, VARCHAR, VARCHAR, INTEGER, INTEGER, INTEGER, VARCHAR, VARCHAR, VARCHAR, VARCHAR, VARCHAR, VARCHAR, INTEGER, INTEGER, INTEGER, VARCHAR, VARCHAR, VARCHAR, VARCHAR, VARCHAR, VARCHAR, INTEGER, INTEGER, INTEGER, VARCHAR, VARCHAR, VARCHAR, VARCHAR, VARCHAR, VARCHAR, INTEGER, INTEGER, INTEGER, VARCHAR, VARCHAR, VARCHAR, VARCHAR, VARCHAR, VARCHAR, INTEGER, INTEGER, INTEGER, VARCHAR, VARCHAR, VARCHAR, VARCHAR, VARCHAR, VARCHAR, INTEGER, INTEGER, INTEGER, VARCHAR, VARCHAR, VARCHAR, VARCHAR, VARCHAR, VARCHAR, INTEGER, INTEGER, INTEGER, VARCHAR, VARCHAR, VARCHAR, VARCHAR, VARCHAR, VARCHAR, INTEGER, INTEGER, INTEGER, VARCHAR, VARCHAR, VARCHAR, VARCHAR, VARCHAR, VARCHAR, INTEGER, INTEGER, INTEGER, VARCHAR, VARCHAR, VARCHAR, VARCHAR, VARCHAR, VARCHAR, INTEGER, INTEGER, INTEGER, VARCHAR, VARCHAR, VARCHAR, VARCHAR, VARCHAR, VARCHAR, INTEGER, INTEGER, INTEGER, VARCHAR, VARCHAR, VARCHAR, VARCHAR, VARCHAR, VARCHAR, INTEGER, INTEGER, INTEGER, VARCHAR, VARCHAR, VARCHAR, VARCHAR, VARCHAR, VARCHAR, INTEGER, INTEGER, INTEGER, VARCHAR, VARCHAR, VARCHAR, VARCHAR, VARCHAR, VARCHAR, INTEGER, INTEGER, INTEGER, VARCHAR, VARCHAR, VARCHAR, VARCHAR, VARCHAR, VARCHAR, INTEGER, INTEGER, INTEGER, VARCHAR, VARCHAR, VARCHAR, VARCHAR, VARCHAR, VARCHAR, INTEGER, INTEGER, INTEGER, VARCHAR, VARCHAR, VARCHAR, VARCHAR, VARCHAR, VARCHAR, INTEGER, INTEGER, INTEGER, VARCHAR, VARCHAR, VARCHAR, VARCHAR, VARCHAR, VARCHAR, INTEGER, INTEGER, INTEGER, VARCHAR, VARCHAR, VARCHAR, VARCHAR, VARCHAR, VARCHAR, INTEGER, INTEGER, INTEGER, VARCHAR, VARCHAR, VARCHAR, VARCHAR, VARCHAR, VARCHAR, INTEGER, INTEGER, INTEGER, VARCHAR, VARCHAR, VARCHAR, VARCHAR, VARCHAR, VARCHAR, INTEGER, INTEGER, INTEGER, VARCHAR, VARCHAR, VARCHAR, VARCHAR, VARCHAR, VARCHAR, INTEGER, INTEGER, INTEGER, VARCHAR]
DEBUG task-2 druid.sql.Statement - {conn-210002, pstmt-220005} executed. 25.284529 millis. INSERT INTO vtdaprober.bin_info_summary(custom_code, device, lot_id, cp_step, wafer_no, site_id, soft_bin_no,
        bin_count, pass_fail, test_type)
        VALUES
         (?,?,?,?,?,?,?,?,FALSE,?),
                        
                
                    
                            (?,?,?,?,?,?,?,?,TRUE,?),
                        
                
                    
                            (?,?,?,?,?,?,?,?,FALSE,?),
                        
                
                    
                            (?,?,?,?,?,?,?,?,FALSE,?),
                        
                
                    
                            (?,?,?,?,?,?,?,?,FALSE,?),
                        
                
                    
                            (?,?,?,?,?,?,?,?,FALSE,?),
                        
                
                    
                            (?,?,?,?,?,?,?,?,FALSE,?),
                        
                
                    
                            (?,?,?,?,?,?,?,?,FALSE,?),
                        
                
                    
                            (?,?,?,?,?,?,?,?,FALSE,?),
                        
                
                    
                            (?,?,?,?,?,?,?,?,FALSE,?),
                        
                
                    
                            (?,?,?,?,?,?,?,?,FALSE,?),
                        
                
                    
                            (?,?,?,?,?,?,?,?,FALSE,?),
                        
                
                    
                            (?,?,?,?,?,?,?,?,FALSE,?),
                        
                
                    
                            (?,?,?,?,?,?,?,?,FALSE,?),
                        
                
                    
                            (?,?,?,?,?,?,?,?,FALSE,?),
                        
                
                    
                            (?,?,?,?,?,?,?,?,FALSE,?),
                        
                
                    
                            (?,?,?,?,?,?,?,?,FALSE,?),
                        
                
                    
                            (?,?,?,?,?,?,?,?,FALSE,?),
                        
                
                    
                            (?,?,?,?,?,?,?,?,FALSE,?),
                        
                
                    
                            (?,?,?,?,?,?,?,?,FALSE,?),
                        
                
                    
                            (?,?,?,?,?,?,?,?,FALSE,?),
                        
                
                    
                            (?,?,?,?,?,?,?,?,FALSE,?),
                        
                
                    
                            (?,?,?,?,?,?,?,?,FALSE,?),
                        
                
                    
                            (?,?,?,?,?,?,?,?,FALSE,?),
                        
                
                    
                            (?,?,?,?,?,?,?,?,FALSE,?),
                        
                
                    
                            (?,?,?,?,?,?,?,?,FALSE,?),
                        
                
                    
                            (?,?,?,?,?,?,?,?,FALSE,?),
                        
                
                    
                            (?,?,?,?,?,?,?,?,FALSE,?),
                        
                
                    
                            (?,?,?,?,?,?,?,?,FALSE,?),
                        
                
                    
                            (?,?,?,?,?,?,?,?,FALSE,?),
                        
                
                    
                            (?,?,?,?,?,?,?,?,FALSE,?)  
        ;
DEBUG task-2 druid.sql.Statement - {conn-210002, pstmt-220005} clearParameters. 
DEBUG task-2 druid.sql.Statement - {conn-210002, pstmt-220006} created. INSERT INTO vtdaprober.bin_wafer_summary(custom_code, device, lot_id, cp_step, wafer_no, oprator, tester_program, tester_id, prober_id, Prober_card_id, pid_name, pid_version, start_time, gross_die, pass_die, fail_die, yield, end_time, check_status, map_cols, map_rows, min_x, min_y, others_params)
        VALUES ( ?,?,?,?,?,?,?,?,?,?,?,?,?,?,?,?,?,?,?,?,?,?,?,?)
        ON DUPLICATE KEY UPDATE oprator=?, tester_program=?, tester_id=?, prober_id=?, Prober_card_id=?, pid_name=?, pid_version=?, start_time=?, gross_die=?, pass_die=?, fail_die=?, yield=?, end_time=?, check_status=?, map_cols=?, map_rows=?, min_x=?, min_y=?, others_params=?,load_time=now();
DEBUG task-2 druid.sql.Statement - {conn-210002, pstmt-220006} Parameters : [GTH, STAR012A1, A666134.15, CP1, A666134.10, V088, Star012_CP1_V1P1, TTH-25, POS-41, STAR012-PC-01, PS_GTH_CSTAR012A100, 4, 2019-06-20 16:10:34.0, 9995, 3262, 6733, 32.64, 2019-06-17 04:46:11.0, 0, 153, 105, 0, 0, {"Customer Test Spec":"NA","WaferID_read":"OCR","Index X(mm)":"1.443","Fab Device":"NA","WF_Size":"8","Map Reference":"NA","TestDieMinX":"10","Theory Test Time":"33.4","Retest Rate":"0","TestDieMinY":"4","Inner MotherLot":"GTHQD24001","Stop Yield":"93","Index Y(mm)":"1.84","shipLot":"A666134.15","Wafer_Sequence":"1-25","Lot Status":"1","Lot Start Time":"2019-06-17 08:03:35.0","Site To Site":"CP1:5;CP2:5","MES Stand Gross Die":"9995","Inner Lot":"GTHQD24001.02","Asy Device":"NA","Notch":"180-Degree","Sites":"5","Hold Count":"0","GPIB_Bin":"0","PE Owner":"Blue.yan","MaxX":"152","MaxY":"104","Process Short Flow":"TB1-CP1-BK1-CP2-WV1-WP1-WPF","Is Trimed":"False","Process Yield":"99.00%|98.00%","OS Bins":"9","Slot":"10","Pass Bins":"130","Tester SoftWare Revision":"CRAFT_3380_2.40-SP7","Chines Short Name":"NA","Is OTP":"True","Assigned Testers":"NA","Wip Stage":"A","Prober Device":"GTH1S012A1TNEAVU","PO Number":"NA","Load File":"NA","Special Bins":"NA","DataBase":"TSK","Continue Fail":"10","TestDieMaxX":"142","TestDieMaxY":"99","MES Test Gross Die":"9995","CP Yields":"CP1&32.64%;","RightID":"10","TestTime":"-5004","Tester Model":"Chroma","Major Fail":"NA","Chinese Name":"合肥健天电子有限公司","Part DESC":"NA","ALL CP Programs":"CP1T0:Star012_CP1_V1P1;","Worker Order":"GTS20190616.1","Wip Step":"BK1T0","customerNotch":"NA","Wafer PCS":"2","Is COP":"True","CTC PO Number":"NA"}, V088, Star012_CP1_V1P1, TTH-25, POS-41, STAR012-PC-01, PS_GTH_CSTAR012A100, 4, 2019-06-20 16:10:34.0, 9995, 3262, 6733, 32.64, 2019-06-17 04:46:11.0, 0, 153, 105, 0, 0, {"Customer Test Spec":"NA","WaferID_read":"OCR","Index X(mm)":"1.443","Fab Device":"NA","WF_Size":"8","Map Reference":"NA","TestDieMinX":"10","Theory Test Time":"33.4","Retest Rate":"0","TestDieMinY":"4","Inner MotherLot":"GTHQD24001","Stop Yield":"93","Index Y(mm)":"1.84","shipLot":"A666134.15","Wafer_Sequence":"1-25","Lot Status":"1","Lot Start Time":"2019-06-17 08:03:35.0","Site To Site":"CP1:5;CP2:5","MES Stand Gross Die":"9995","Inner Lot":"GTHQD24001.02","Asy Device":"NA","Notch":"180-Degree","Sites":"5","Hold Count":"0","GPIB_Bin":"0","PE Owner":"Blue.yan","MaxX":"152","MaxY":"104","Process Short Flow":"TB1-CP1-BK1-CP2-WV1-WP1-WPF","Is Trimed":"False","Process Yield":"99.00%|98.00%","OS Bins":"9","Slot":"10","Pass Bins":"130","Tester SoftWare Revision":"CRAFT_3380_2.40-SP7","Chines Short Name":"NA","Is OTP":"True","Assigned Testers":"NA","Wip Stage":"A","Prober Device":"GTH1S012A1TNEAVU","PO Number":"NA","Load File":"NA","Special Bins":"NA","DataBase":"TSK","Continue Fail":"10","TestDieMaxX":"142","TestDieMaxY":"99","MES Test Gross Die":"9995","CP Yields":"CP1&32.64%;","RightID":"10","TestTime":"-5004","Tester Model":"Chroma","Major Fail":"NA","Chinese Name":"合肥健天电子有限公司","Part DESC":"NA","ALL CP Programs":"CP1T0:Star012_CP1_V1P1;","Worker Order":"GTS20190616.1","Wip Step":"BK1T0","customerNotch":"NA","Wafer PCS":"2","Is COP":"True","CTC PO Number":"NA"}]
DEBUG task-2 druid.sql.Statement - {conn-210002, pstmt-220006} Types : [VARCHAR, VARCHAR, VARCHAR, VARCHAR, VARCHAR, VARCHAR, VARCHAR, VARCHAR, VARCHAR, VARCHAR, VARCHAR, VARCHAR, TIMESTAMP, INTEGER, INTEGER, INTEGER, DOUBLE, TIMESTAMP, INTEGER, INTEGER, INTEGER, INTEGER, INTEGER, VARCHAR, VARCHAR, VARCHAR, VARCHAR, VARCHAR, VARCHAR, VARCHAR, VARCHAR, TIMESTAMP, INTEGER, INTEGER, INTEGER, DOUBLE, TIMESTAMP, INTEGER, INTEGER, INTEGER, INTEGER, INTEGER, VARCHAR]
DEBUG task-2 druid.sql.Statement - {conn-210002, pstmt-220006} executed. 15.535131 millis. INSERT INTO vtdaprober.bin_wafer_summary(custom_code, device, lot_id, cp_step, wafer_no, oprator, tester_program, tester_id, prober_id, Prober_card_id, pid_name, pid_version, start_time, gross_die, pass_die, fail_die, yield, end_time, check_status, map_cols, map_rows, min_x, min_y, others_params)
        VALUES ( ?,?,?,?,?,?,?,?,?,?,?,?,?,?,?,?,?,?,?,?,?,?,?,?)
        ON DUPLICATE KEY UPDATE oprator=?, tester_program=?, tester_id=?, prober_id=?, Prober_card_id=?, pid_name=?, pid_version=?, start_time=?, gross_die=?, pass_die=?, fail_die=?, yield=?, end_time=?, check_status=?, map_cols=?, map_rows=?, min_x=?, min_y=?, others_params=?,load_time=now();
DEBUG task-2 druid.sql.Statement - {conn-210002, pstmt-220006} clearParameters. 
DEBUG task-2 druid.sql.Connection - {conn-210002} pool-recycle
DEBUG task-2 druid.sql.Connection - {conn-110002} commited
DEBUG task-2 druid.sql.Connection - {conn-110002} setAutoCommit true
DEBUG task-2 druid.sql.Connection - {conn-110002} pool-recycle
